[sudo] password for valdr: 
mozilla.cloudflare-dns.com.
google.ocm.
google.com.
google.com.
google.com.
google.com.
google.com.
google.com.
mozilla.cloudflare-dns.com.
mozilla.cloudflare-dns.com.
bit.ly.
bit.ly.
bit.ly.
bit.ly.
bit.ly.
bit.ly.
bit.ly.
venganzaiii.somch.org.
venganzaiii.somch.org.
mozilla.cloudflare-dns.com.
somch.org.
mozilla.cloudflare-dns.com.
www.archlinux.org.
venganzaiii.somch.org.
mozilla.cloudflare-dns.com.
mozilla.cloudflare-dns.com.
mirror.vtti.vt.edu.
somch.org.
mozilla.cloudflare-dns.com.
venganzaiii.somch.org.
mozilla.cloudflare-dns.com.
www.archlinux.org.
mozilla.cloudflare-dns.com.
mozilla.cloudflare-dns.com.
mozilla.cloudflare-dns.com.
www.archlinux.org.
mozilla.cloudflare-dns.com.
venganzaiii.somch.org.
venganzaiii.somch.org.
venganzaiii.somch.org.
venganzaiii.somch.org.
venganzaiii.somch.org.
venganzaiii.somch.org.
venganzaiii.somch.org.
venganzaiii.somch.org.
venganzaiii.somch.org.
venganzaiii.somch.org.
venganzaiii.somch.org.
mozilla.cloudflare-dns.com.
^C